-------------------------------------------------------------------------------
Test set: test.integration.IntegrationTest
-------------------------------------------------------------------------------
Tests run: 4, Failures: 1, Errors: 0, Skipped: 0, Time elapsed: 58.05 s <<< FAILURE! - in test.integration.IntegrationTest
repairIntegrationTest  Time elapsed: 9.791 s  <<< FAILURE!
org.opentest4j.AssertionFailedError: The repair with this repair number was not integrated: 6119048
	at test.integration.IntegrationTest.repairIntegrationTest(IntegrationTest.java:145)

